<?xml version="1.0" encoding="UTF-8"?>
<!-- Generated by org.testng.reporters.JUnitXMLReporter -->
<testsuite ignored="0" hostname="LAPTOP-1HFOI5V8" failures="1" tests="2" name="Test" time="177.8" errors="0" timestamp="2024-08-22T21:42:05 IST">
  <testcase classname="OpenMrsTest.OpenMrsTestCase" name="OPM_TC_1_ValidatePetientName" time="0.057"/>
  <testcase classname="OpenMrsTest.OpenMrsTestCase" name="OPM_TC_2_ValidateRegisterRecord" time="0.093">
    <failure type="java.lang.AssertionError" message="records not matching expected [Showing 1 to 11 of 11 entries] but found [Showing 1 to 1 of 1 entries]">
      <![CDATA[java.lang.AssertionError: records not matching expected [Showing 1 to 11 of 11 entries] but found [Showing 1 to 1 of 1 entries]
at OpenMrsTest.OpenMrsTestCase.OPM_TC_2_ValidateRegisterRecord(OpenMrsTestCase.java:112)
at java.base/java.util.ArrayList.forEach(ArrayList.java:1597)
... Removed 34 stack frames]]>
    </failure>
  </testcase> <!-- OPM_TC_2_ValidateRegisterRecord -->
</testsuite> <!-- Test -->
